{"/home/sylvain/Development/ETNA/GPE/api/spec/sample.spec.js":{"path":"/home/sylvain/Development/ETNA/GPE/api/spec/sample.spec.js","s":{"1":1,"2":1,"3":1,"4":1,"5":1,"6":1,"7":1,"8":1,"9":1,"10":1,"11":1,"12":1,"13":1,"14":1},"b":{},"f":{"1":1,"2":1,"3":1,"4":1,"5":1,"6":1,"7":1,"8":1,"9":1},"fnMap":{"1":{"name":"(anonymous_1)","line":3,"loc":{"start":{"line":3,"column":23},"end":{"line":3,"column":34}}},"2":{"name":"(anonymous_2)","line":5,"loc":{"start":{"line":5,"column":32},"end":{"line":5,"column":43}}},"3":{"name":"(anonymous_3)","line":6,"loc":{"start":{"line":6,"column":30},"end":{"line":6,"column":41}}},"4":{"name":"(anonymous_4)","line":11,"loc":{"start":{"line":11,"column":30},"end":{"line":11,"column":41}}},"5":{"name":"(anonymous_5)","line":12,"loc":{"start":{"line":12,"column":24},"end":{"line":12,"column":35}}},"6":{"name":"(anonymous_6)","line":17,"loc":{"start":{"line":17,"column":32},"end":{"line":17,"column":43}}},"7":{"name":"(anonymous_7)","line":18,"loc":{"start":{"line":18,"column":24},"end":{"line":18,"column":35}}},"8":{"name":"(anonymous_8)","line":32,"loc":{"start":{"line":32,"column":31},"end":{"line":32,"column":42}}},"9":{"name":"(anonymous_9)","line":33,"loc":{"start":{"line":33,"column":25},"end":{"line":33,"column":36}}}},"statementMap":{"1":{"start":{"line":1,"column":0},"end":{"line":1,"column":46}},"2":{"start":{"line":3,"column":0},"end":{"line":38,"column":3}},"3":{"start":{"line":5,"column":4},"end":{"line":9,"column":7}},"4":{"start":{"line":6,"column":8},"end":{"line":8,"column":11}},"5":{"start":{"line":7,"column":12},"end":{"line":7,"column":42}},"6":{"start":{"line":11,"column":1},"end":{"line":15,"column":7}},"7":{"start":{"line":12,"column":2},"end":{"line":14,"column":5}},"8":{"start":{"line":13,"column":3},"end":{"line":13,"column":34}},"9":{"start":{"line":17,"column":1},"end":{"line":21,"column":7}},"10":{"start":{"line":18,"column":2},"end":{"line":20,"column":5}},"11":{"start":{"line":19,"column":3},"end":{"line":19,"column":38}},"12":{"start":{"line":32,"column":1},"end":{"line":36,"column":7}},"13":{"start":{"line":33,"column":2},"end":{"line":35,"column":5}},"14":{"start":{"line":34,"column":3},"end":{"line":34,"column":36}}},"branchMap":{}},"/home/sylvain/Development/ETNA/GPE/api/lib/sample.lib.js":{"path":"/home/sylvain/Development/ETNA/GPE/api/lib/sample.lib.js","s":{"1":1,"2":4,"3":0,"4":4,"5":1},"b":{"1":[0,4]},"f":{},"fnMap":{},"statementMap":{"1":{"start":{"line":1,"column":0},"end":{"line":4,"column":1}},"2":{"start":{"line":2,"column":1},"end":{"line":2,"column":25}},"3":{"start":{"line":2,"column":16},"end":{"line":2,"column":25}},"4":{"start":{"line":3,"column":1},"end":{"line":3,"column":13}},"5":{"start":{"line":6,"column":0},"end":{"line":6,"column":25}}},"branchMap":{"1":{"line":2,"type":"if","locations":[{"start":{"line":2,"column":1},"end":{"line":2,"column":1}},{"start":{"line":2,"column":1},"end":{"line":2,"column":1}}]}}}}