TN:
SF:/home/sylvain/Development/ETNA/GPE/api/spec/sample.spec.js
FN:3,(anonymous_1)
FN:5,(anonymous_2)
FN:6,(anonymous_3)
FN:11,(anonymous_4)
FN:12,(anonymous_5)
FN:17,(anonymous_6)
FN:18,(anonymous_7)
FN:32,(anonymous_8)
FN:33,(anonymous_9)
FNF:9
FNH:9
FNDA:1,(anonymous_1)
FNDA:1,(anonymous_2)
FNDA:1,(anonymous_3)
FNDA:1,(anonymous_4)
FNDA:1,(anonymous_5)
FNDA:1,(anonymous_6)
FNDA:1,(anonymous_7)
FNDA:1,(anonymous_8)
FNDA:1,(anonymous_9)
DA:1,1
DA:3,1
DA:5,1
DA:6,1
DA:7,1
DA:11,1
DA:12,1
DA:13,1
DA:17,1
DA:18,1
DA:19,1
DA:32,1
DA:33,1
DA:34,1
LF:14
LH:14
BRF:0
BRH:0
end_of_record
TN:
SF:/home/sylvain/Development/ETNA/GPE/api/lib/sample.lib.js
FNF:0
FNH:0
DA:1,1
DA:2,4
DA:3,4
DA:6,1
LF:4
LH:4
BRDA:2,1,0,0
BRDA:2,1,1,4
BRF:2
BRH:1
end_of_record
